<?xml version="1.0" encoding="UTF-8"?>
<testsuites name="TS01 - Login" time="33.434" tests="6" failures="0" errors="0">
   <testsuite name="TS01 - Login" tests="6" failures="0" errors="0" time="33.434" skipped="0" timestamp="2023-05-27 14:03:54" hostname="adria - DESKTOP-2B5N6V0" id="Test Suites/TS01 - Login">
      <properties>
         <property name="deviceName" value=""/>
         <property name="devicePlatform" value=""/>
         <property name="logFolder" value="D:\\Coding.ID\\Advanced Class\\Task\\Katalon_Data_Driven_Testing\\Reports\\20230527_140351\\TS01 - Login\\20230527_140351"/>
         <property name="logFiles" value="D:\\Coding.ID\\Advanced Class\\Task\\Katalon_Data_Driven_Testing\\Reports\\20230527_140351\\TS01 - Login\\20230527_140351\\execution0.log"/>
         <property name="attachments" value=""/>
         <property name="hostName" value="adria - DESKTOP-2B5N6V0"/>
         <property name="os" value="Windows 10 64bit"/>
         <property name="katalonVersion" value="8.6.0.208"/>
         <property name="browser" value="Chrome 113.0.0.0"/>
         <property name="hostAddress" value="192.168.100.2"/>
         <property name="sessionId" value="20c4340120ea903bf73fb2890a1622e0"/>
         <property name="seleniumVersion" value="3.141.59"/>
         <property name="proxyInformation" value="ProxyInformation { proxyOption=NO_PROXY, proxyServerType=HTTP, username=, password=********, proxyServerAddress=, proxyServerPort=0, executionList=&quot;&quot;, isApplyToDesiredCapabilities=true }"/>
         <property name="platform" value="Windows 10"/>
      </properties>
      <testcase name="Test Cases/TS01 - Login/TC01 - Login sucessfully" time="7.128" classname="Test Cases/TS01 - Login/TC01 - Login sucessfully" status="PASSED">
         <system-out><![CDATA[2023-05-27 14:03:54 - [TEST_CASE][PASSED] - Test Cases/TS01 - Login/TC01 - Login sucessfully: Test Cases/TS01 - Login/TC01 - Login sucessfully

2023-05-27 14:03:55 - [TEST_STEP][PASSED] - openBrowser(""): Browser is opened with url: ''

2023-05-27 14:03:55 - [MESSAGE][INFO] - Starting 'Chrome' driver

2023-05-27 14:03:55 - [MESSAGE][INFO] - Action delay is set to 0 milliseconds

2023-05-27 14:03:57 - [MESSAGE][PASSED] - Browser is opened with url: ''

2023-05-27 14:03:57 - [TEST_STEP][PASSED] - navigateToUrl("https://www.saucedemo.com/"): Navigate to 'https://www.saucedemo.com/' successfully

2023-05-27 14:03:58 - [MESSAGE][PASSED] - Navigate to 'https://www.saucedemo.com/' successfully

2023-05-27 14:03:58 - [TEST_STEP][PASSED] - setText(findTestObject("Login_element/Username"), Username): Text 'standard_user' is set on object 'Object Repository/Login_element/Username'

2023-05-27 14:03:59 - [MESSAGE][PASSED] - Text 'standard_user' is set on object 'Object Repository/Login_element/Username'

2023-05-27 14:03:59 - [TEST_STEP][PASSED] - setText(findTestObject("Login_element/Password"), Password): Text 'secret_sauce' is set on object 'Object Repository/Login_element/Password'

2023-05-27 14:04:00 - [MESSAGE][PASSED] - Text 'secret_sauce' is set on object 'Object Repository/Login_element/Password'

2023-05-27 14:04:00 - [TEST_STEP][PASSED] - click(findTestObject("Login_element/Login_Btn")): Object: 'Object Repository/Login_element/Login_Btn' is clicked on

2023-05-27 14:04:00 - [MESSAGE][PASSED] - Object: 'Object Repository/Login_element/Login_Btn' is clicked on

2023-05-27 14:04:00 - [TEST_STEP][PASSED] - verifyElementPresent(findTestObject("Product_element/header_product"), 3): Object 'Object Repository/Product_element/header_product' is present

2023-05-27 14:04:01 - [MESSAGE][PASSED] - Object 'Object Repository/Product_element/header_product' is present

2023-05-27 14:04:01 - [TEST_STEP][PASSED] - closeBrowser(): Browser is closed

2023-05-27 14:04:01 - [MESSAGE][PASSED] - Browser is closed]]></system-out>
         <system-err><![CDATA[]]></system-err>
      </testcase>
      <testcase name="Test Cases/TS01 - Login/TC02 - Login with no username" time="3.683" classname="Test Cases/TS01 - Login/TC02 - Login with no username" status="PASSED">
         <system-out><![CDATA[2023-05-27 14:04:01 - [TEST_CASE][PASSED] - Test Cases/TS01 - Login/TC02 - Login with no username: Test Cases/TS01 - Login/TC02 - Login with no username

2023-05-27 14:04:02 - [TEST_STEP][PASSED] - openBrowser(""): Browser is opened with url: ''

2023-05-27 14:04:02 - [MESSAGE][INFO] - Starting 'Chrome' driver

2023-05-27 14:04:02 - [MESSAGE][INFO] - Action delay is set to 0 milliseconds

2023-05-27 14:04:03 - [MESSAGE][PASSED] - Browser is opened with url: ''

2023-05-27 14:04:03 - [TEST_STEP][PASSED] - navigateToUrl("https://www.saucedemo.com/"): Navigate to 'https://www.saucedemo.com/' successfully

2023-05-27 14:04:03 - [MESSAGE][PASSED] - Navigate to 'https://www.saucedemo.com/' successfully

2023-05-27 14:04:03 - [TEST_STEP][PASSED] - click(findTestObject("Login_element/Login_Btn")): Object: 'Object Repository/Login_element/Login_Btn' is clicked on

2023-05-27 14:04:04 - [MESSAGE][PASSED] - Object: 'Object Repository/Login_element/Login_Btn' is clicked on

2023-05-27 14:04:04 - [TEST_STEP][PASSED] - verifyTextPresent("Epic sadface: Username is required", false): Text 'Epic sadface: Username is required' is present on page 

2023-05-27 14:04:04 - [MESSAGE][PASSED] - Text 'Epic sadface: Username is required' is present on page 

2023-05-27 14:04:04 - [TEST_STEP][PASSED] - closeBrowser(): Browser is closed

2023-05-27 14:04:05 - [MESSAGE][PASSED] - Browser is closed]]></system-out>
         <system-err><![CDATA[]]></system-err>
      </testcase>
      <testcase name="Test Cases/TS01 - Login/TC03 - Login with no password" time="5.0" classname="Test Cases/TS01 - Login/TC03 - Login with no password" status="PASSED">
         <system-out><![CDATA[2023-05-27 14:04:05 - [TEST_CASE][PASSED] - Test Cases/TS01 - Login/TC03 - Login with no password: Test Cases/TS01 - Login/TC03 - Login with no password

2023-05-27 14:04:05 - [TEST_STEP][PASSED] - openBrowser(""): Browser is opened with url: ''

2023-05-27 14:04:05 - [MESSAGE][INFO] - Starting 'Chrome' driver

2023-05-27 14:04:05 - [MESSAGE][INFO] - Action delay is set to 0 milliseconds

2023-05-27 14:04:07 - [MESSAGE][PASSED] - Browser is opened with url: ''

2023-05-27 14:04:07 - [TEST_STEP][PASSED] - navigateToUrl("https://www.saucedemo.com/"): Navigate to 'https://www.saucedemo.com/' successfully

2023-05-27 14:04:07 - [MESSAGE][PASSED] - Navigate to 'https://www.saucedemo.com/' successfully

2023-05-27 14:04:07 - [TEST_STEP][PASSED] - setText(findTestObject("Login_element/Username"), "standard_user"): Text 'standard_user' is set on object 'Object Repository/Login_element/Username'

2023-05-27 14:04:08 - [MESSAGE][PASSED] - Text 'standard_user' is set on object 'Object Repository/Login_element/Username'

2023-05-27 14:04:08 - [TEST_STEP][PASSED] - click(findTestObject("Login_element/Login_Btn")): Object: 'Object Repository/Login_element/Login_Btn' is clicked on

2023-05-27 14:04:08 - [MESSAGE][PASSED] - Object: 'Object Repository/Login_element/Login_Btn' is clicked on

2023-05-27 14:04:08 - [TEST_STEP][PASSED] - verifyTextPresent("Epic sadface: Password is required", false): Text 'Epic sadface: Password is required' is present on page 

2023-05-27 14:04:09 - [MESSAGE][PASSED] - Text 'Epic sadface: Password is required' is present on page 

2023-05-27 14:04:09 - [TEST_STEP][PASSED] - closeBrowser(): Browser is closed

2023-05-27 14:04:10 - [MESSAGE][PASSED] - Browser is closed]]></system-out>
         <system-err><![CDATA[]]></system-err>
      </testcase>
      <testcase name="Test Cases/TS01 - Login/TC04 - Login with unmatched username and password" time="5.34" classname="Test Cases/TS01 - Login/TC04 - Login with unmatched username and password" status="PASSED">
         <system-out><![CDATA[2023-05-27 14:04:10 - [TEST_CASE][PASSED] - Test Cases/TS01 - Login/TC04 - Login with unmatched username and password: Test Cases/TS01 - Login/TC04 - Login with unmatched username and password

2023-05-27 14:04:10 - [TEST_STEP][PASSED] - openBrowser(""): Browser is opened with url: ''

2023-05-27 14:04:10 - [MESSAGE][INFO] - Starting 'Chrome' driver

2023-05-27 14:04:10 - [MESSAGE][INFO] - Action delay is set to 0 milliseconds

2023-05-27 14:04:12 - [MESSAGE][PASSED] - Browser is opened with url: ''

2023-05-27 14:04:12 - [TEST_STEP][PASSED] - navigateToUrl("https://www.saucedemo.com/"): Navigate to 'https://www.saucedemo.com/' successfully

2023-05-27 14:04:12 - [MESSAGE][PASSED] - Navigate to 'https://www.saucedemo.com/' successfully

2023-05-27 14:04:12 - [TEST_STEP][PASSED] - setText(findTestObject("Login_element/Username"), "wrong_user"): Text 'wrong_user' is set on object 'Object Repository/Login_element/Username'

2023-05-27 14:04:13 - [MESSAGE][PASSED] - Text 'wrong_user' is set on object 'Object Repository/Login_element/Username'

2023-05-27 14:04:13 - [TEST_STEP][PASSED] - setText(findTestObject("Login_element/Password"), Password): Text 'secret_sauce' is set on object 'Object Repository/Login_element/Password'

2023-05-27 14:04:14 - [MESSAGE][PASSED] - Text 'secret_sauce' is set on object 'Object Repository/Login_element/Password'

2023-05-27 14:04:14 - [TEST_STEP][PASSED] - click(findTestObject("Login_element/Login_Btn")): Object: 'Object Repository/Login_element/Login_Btn' is clicked on

2023-05-27 14:04:14 - [MESSAGE][PASSED] - Object: 'Object Repository/Login_element/Login_Btn' is clicked on

2023-05-27 14:04:14 - [TEST_STEP][PASSED] - verifyTextPresent("Epic sadface: Username and password do not match any user in this service", false): Text 'Epic sadface: Username and password do not match any user in this service' is present on page 

2023-05-27 14:04:15 - [MESSAGE][PASSED] - Text 'Epic sadface: Username and password do not match any user in this service' is present on page 

2023-05-27 14:04:15 - [TEST_STEP][PASSED] - closeBrowser(): Browser is closed

2023-05-27 14:04:15 - [MESSAGE][PASSED] - Browser is closed]]></system-out>
         <system-err><![CDATA[]]></system-err>
      </testcase>
      <testcase name="Test Cases/TS01 - Login/TC05 - Login with locked out account" time="5.222" classname="Test Cases/TS01 - Login/TC05 - Login with locked out account" status="PASSED">
         <system-out><![CDATA[2023-05-27 14:04:15 - [TEST_CASE][PASSED] - Test Cases/TS01 - Login/TC05 - Login with locked out account: Test Cases/TS01 - Login/TC05 - Login with locked out account

2023-05-27 14:04:16 - [TEST_STEP][PASSED] - openBrowser(""): Browser is opened with url: ''

2023-05-27 14:04:16 - [MESSAGE][INFO] - Starting 'Chrome' driver

2023-05-27 14:04:16 - [MESSAGE][INFO] - Action delay is set to 0 milliseconds

2023-05-27 14:04:17 - [MESSAGE][PASSED] - Browser is opened with url: ''

2023-05-27 14:04:17 - [TEST_STEP][PASSED] - navigateToUrl("https://www.saucedemo.com/"): Navigate to 'https://www.saucedemo.com/' successfully

2023-05-27 14:04:17 - [MESSAGE][PASSED] - Navigate to 'https://www.saucedemo.com/' successfully

2023-05-27 14:04:17 - [TEST_STEP][PASSED] - setText(findTestObject("Login_element/Username"), "locked_out_user"): Text 'locked_out_user' is set on object 'Object Repository/Login_element/Username'

2023-05-27 14:04:18 - [MESSAGE][PASSED] - Text 'locked_out_user' is set on object 'Object Repository/Login_element/Username'

2023-05-27 14:04:18 - [TEST_STEP][PASSED] - setText(findTestObject("Login_element/Password"), Password): Text 'secret_sauce' is set on object 'Object Repository/Login_element/Password'

2023-05-27 14:04:19 - [MESSAGE][PASSED] - Text 'secret_sauce' is set on object 'Object Repository/Login_element/Password'

2023-05-27 14:04:19 - [TEST_STEP][PASSED] - click(findTestObject("Login_element/Login_Btn")): Object: 'Object Repository/Login_element/Login_Btn' is clicked on

2023-05-27 14:04:19 - [MESSAGE][PASSED] - Object: 'Object Repository/Login_element/Login_Btn' is clicked on

2023-05-27 14:04:19 - [TEST_STEP][PASSED] - verifyTextPresent("Epic sadface: Sorry, this user has been locked out.", false): Text 'Epic sadface: Sorry, this user has been locked out.' is present on page 

2023-05-27 14:04:20 - [MESSAGE][PASSED] - Text 'Epic sadface: Sorry, this user has been locked out.' is present on page 

2023-05-27 14:04:20 - [TEST_STEP][PASSED] - closeBrowser(): Browser is closed

2023-05-27 14:04:21 - [MESSAGE][PASSED] - Browser is closed]]></system-out>
         <system-err><![CDATA[]]></system-err>
      </testcase>
      <testcase name="Test Cases/TS01 - Login/TC06 - Logout" time="6.54" classname="Test Cases/TS01 - Login/TC06 - Logout" status="PASSED">
         <system-out><![CDATA[2023-05-27 14:04:21 - [TEST_CASE][PASSED] - Test Cases/TS01 - Login/TC06 - Logout: Test Cases/TS01 - Login/TC06 - Logout

2023-05-27 14:04:21 - [TEST_STEP][PASSED] - openBrowser(""): Browser is opened with url: ''

2023-05-27 14:04:21 - [MESSAGE][INFO] - Starting 'Chrome' driver

2023-05-27 14:04:21 - [MESSAGE][INFO] - Action delay is set to 0 milliseconds

2023-05-27 14:04:22 - [MESSAGE][PASSED] - Browser is opened with url: ''

2023-05-27 14:04:22 - [TEST_STEP][PASSED] - navigateToUrl("https://www.saucedemo.com/"): Navigate to 'https://www.saucedemo.com/' successfully

2023-05-27 14:04:23 - [MESSAGE][PASSED] - Navigate to 'https://www.saucedemo.com/' successfully

2023-05-27 14:04:23 - [TEST_STEP][PASSED] - setText(findTestObject("Login_element/Username"), "standard_user"): Text 'standard_user' is set on object 'Object Repository/Login_element/Username'

2023-05-27 14:04:24 - [MESSAGE][PASSED] - Text 'standard_user' is set on object 'Object Repository/Login_element/Username'

2023-05-27 14:04:24 - [TEST_STEP][PASSED] - setEncryptedText(findTestObject("Login_element/Password"), "qcu24s4901FyWDTwXGr6XA=="): Text ****** has been set on object 'Object Repository/Login_element/Password'

2023-05-27 14:04:24 - [MESSAGE][PASSED] - Text ****** has been set on object 'Object Repository/Login_element/Password'

2023-05-27 14:04:24 - [TEST_STEP][PASSED] - click(findTestObject("Login_element/Login_Btn")): Object: 'Object Repository/Login_element/Login_Btn' is clicked on

2023-05-27 14:04:24 - [MESSAGE][PASSED] - Object: 'Object Repository/Login_element/Login_Btn' is clicked on

2023-05-27 14:04:24 - [TEST_STEP][PASSED] - click(findTestObject("Product_element/button_Open Menu")): Object: 'Object Repository/Product_element/button_Open Menu' is clicked on

2023-05-27 14:04:25 - [MESSAGE][PASSED] - Object: 'Object Repository/Product_element/button_Open Menu' is clicked on

2023-05-27 14:04:25 - [TEST_STEP][PASSED] - click(findTestObject("Product_element/a_Logout")): Object: 'Object Repository/Product_element/a_Logout' is clicked on

2023-05-27 14:04:25 - [MESSAGE][PASSED] - Object: 'Object Repository/Product_element/a_Logout' is clicked on

2023-05-27 14:04:25 - [TEST_STEP][PASSED] - verifyElementPresent(findTestObject("Login_element/Labs_login_wrapper-inner"), 3): Object 'Object Repository/Login_element/Labs_login_wrapper-inner' is present

2023-05-27 14:04:26 - [MESSAGE][PASSED] - Object 'Object Repository/Login_element/Labs_login_wrapper-inner' is present

2023-05-27 14:04:26 - [TEST_STEP][PASSED] - closeBrowser(): Browser is closed

2023-05-27 14:04:27 - [MESSAGE][PASSED] - Browser is closed]]></system-out>
         <system-err><![CDATA[]]></system-err>
      </testcase>
      <system-out><![CDATA[2023-05-27 14:03:54 - [TEST_SUITE][PASSED] - TS01 - Login: Test Cases/TS01 - Login/TC06 - Logout]]></system-out>
      <system-err><![CDATA[]]></system-err>
   </testsuite>
</testsuites>
