<?xml version="1.0" encoding="UTF-8"?>
<testsuites name="TS01 - Login" time="11.908" tests="2" failures="0" errors="0">
   <testsuite name="TS01 - Login" tests="2" failures="0" errors="0" time="11.908" skipped="0" timestamp="2023-05-27 13:32:59" hostname="adria - DESKTOP-2B5N6V0" id="Test Suites/TS01 - Login">
      <properties>
         <property name="deviceName" value=""/>
         <property name="devicePlatform" value=""/>
         <property name="logFolder" value="D:\\Coding.ID\\Advanced Class\\Task\\Katalon_Data_Driven_Testing\\Reports\\20230527_133255\\TS01 - Login\\20230527_133256"/>
         <property name="logFiles" value="D:\\Coding.ID\\Advanced Class\\Task\\Katalon_Data_Driven_Testing\\Reports\\20230527_133255\\TS01 - Login\\20230527_133256\\execution0.log"/>
         <property name="attachments" value=""/>
         <property name="hostName" value="adria - DESKTOP-2B5N6V0"/>
         <property name="os" value="Windows 10 64bit"/>
         <property name="katalonVersion" value="8.6.0.208"/>
         <property name="browser" value="Chrome 113.0.0.0"/>
         <property name="hostAddress" value="192.168.100.2"/>
         <property name="sessionId" value="f3b28fc5bf2ed90b6a52aac70d58ef2d"/>
         <property name="seleniumVersion" value="3.141.59"/>
         <property name="proxyInformation" value="ProxyInformation { proxyOption=NO_PROXY, proxyServerType=HTTP, username=, password=********, proxyServerAddress=, proxyServerPort=0, executionList=&quot;&quot;, isApplyToDesiredCapabilities=true }"/>
         <property name="platform" value="Windows 10"/>
      </properties>
      <testcase name="Test Cases/TS01 - Login/TC01 - Login sucessfully" time="7.665" classname="Test Cases/TS01 - Login/TC01 - Login sucessfully" status="PASSED">
         <system-out><![CDATA[2023-05-27 13:33:00 - [TEST_CASE][PASSED] - Test Cases/TS01 - Login/TC01 - Login sucessfully: Test Cases/TS01 - Login/TC01 - Login sucessfully

2023-05-27 13:33:00 - [TEST_STEP][PASSED] - openBrowser(""): Browser is opened with url: ''

2023-05-27 13:33:01 - [MESSAGE][INFO] - Starting 'Chrome' driver

2023-05-27 13:33:01 - [MESSAGE][INFO] - Action delay is set to 0 milliseconds

2023-05-27 13:33:03 - [MESSAGE][PASSED] - Browser is opened with url: ''

2023-05-27 13:33:03 - [TEST_STEP][PASSED] - navigateToUrl("https://www.saucedemo.com/"): Navigate to 'https://www.saucedemo.com/' successfully

2023-05-27 13:33:03 - [MESSAGE][PASSED] - Navigate to 'https://www.saucedemo.com/' successfully

2023-05-27 13:33:03 - [TEST_STEP][PASSED] - setText(findTestObject("Login_element/Username"), Username): Text 'standard_user' is set on object 'Object Repository/Login_element/Username'

2023-05-27 13:33:04 - [MESSAGE][PASSED] - Text 'standard_user' is set on object 'Object Repository/Login_element/Username'

2023-05-27 13:33:04 - [TEST_STEP][PASSED] - setText(findTestObject("Login_element/Password"), Password): Text 'secret_sauce' is set on object 'Object Repository/Login_element/Password'

2023-05-27 13:33:05 - [MESSAGE][PASSED] - Text 'secret_sauce' is set on object 'Object Repository/Login_element/Password'

2023-05-27 13:33:05 - [TEST_STEP][PASSED] - click(findTestObject("Login_element/Login_Btn")): Object: 'Object Repository/Login_element/Login_Btn' is clicked on

2023-05-27 13:33:06 - [MESSAGE][PASSED] - Object: 'Object Repository/Login_element/Login_Btn' is clicked on

2023-05-27 13:33:06 - [TEST_STEP][PASSED] - verifyElementPresent(findTestObject("Product_element/header_product"), 3): Object 'Object Repository/Product_element/header_product' is present

2023-05-27 13:33:06 - [MESSAGE][PASSED] - Object 'Object Repository/Product_element/header_product' is present

2023-05-27 13:33:06 - [TEST_STEP][PASSED] - closeBrowser(): Browser is closed

2023-05-27 13:33:07 - [MESSAGE][PASSED] - Browser is closed]]></system-out>
         <system-err><![CDATA[]]></system-err>
      </testcase>
      <testcase name="Test Cases/TS01 - Login/TC02 - Login with no username" time="3.77" classname="Test Cases/TS01 - Login/TC02 - Login with no username" status="PASSED">
         <system-out><![CDATA[2023-05-27 13:33:07 - [TEST_CASE][PASSED] - Test Cases/TS01 - Login/TC02 - Login with no username: Test Cases/TS01 - Login/TC02 - Login with no username

2023-05-27 13:33:08 - [TEST_STEP][PASSED] - openBrowser(""): Browser is opened with url: ''

2023-05-27 13:33:08 - [MESSAGE][INFO] - Starting 'Chrome' driver

2023-05-27 13:33:08 - [MESSAGE][INFO] - Action delay is set to 0 milliseconds

2023-05-27 13:33:09 - [MESSAGE][PASSED] - Browser is opened with url: ''

2023-05-27 13:33:09 - [TEST_STEP][PASSED] - navigateToUrl("https://www.saucedemo.com/"): Navigate to 'https://www.saucedemo.com/' successfully

2023-05-27 13:33:09 - [MESSAGE][PASSED] - Navigate to 'https://www.saucedemo.com/' successfully

2023-05-27 13:33:09 - [TEST_STEP][PASSED] - click(findTestObject("Login_element/Login_Btn")): Object: 'Object Repository/Login_element/Login_Btn' is clicked on

2023-05-27 13:33:10 - [MESSAGE][PASSED] - Object: 'Object Repository/Login_element/Login_Btn' is clicked on

2023-05-27 13:33:10 - [TEST_STEP][PASSED] - verifyTextPresent("Epic sadface: Username is required", false): Text 'Epic sadface: Username is required' is present on page 

2023-05-27 13:33:10 - [MESSAGE][PASSED] - Text 'Epic sadface: Username is required' is present on page 

2023-05-27 13:33:10 - [TEST_STEP][PASSED] - closeBrowser(): Browser is closed

2023-05-27 13:33:11 - [MESSAGE][PASSED] - Browser is closed]]></system-out>
         <system-err><![CDATA[]]></system-err>
      </testcase>
      <system-out><![CDATA[2023-05-27 13:32:59 - [TEST_SUITE][PASSED] - TS01 - Login: Test Cases/TS01 - Login/TC02 - Login with no username]]></system-out>
      <system-err><![CDATA[]]></system-err>
   </testsuite>
</testsuites>
