<?xml version="1.0" encoding="UTF-8"?>
<testsuites name="TS03 - Checkout" time="38.78" tests="4" failures="0" errors="0">
   <testsuite name="TS03 - Checkout" tests="4" failures="0" errors="0" time="38.78" skipped="0" timestamp="2023-05-27 16:49:02" hostname="adria - DESKTOP-2B5N6V0" id="Test Suites/TS03 - Checkout">
      <properties>
         <property name="deviceName" value=""/>
         <property name="devicePlatform" value=""/>
         <property name="logFolder" value="D:\\Coding.ID\\Advanced Class\\Task\\Katalon_Data_Driven_Testing\\Reports\\20230527_164859\\TS03 - Checkout\\20230527_164859"/>
         <property name="logFiles" value="D:\\Coding.ID\\Advanced Class\\Task\\Katalon_Data_Driven_Testing\\Reports\\20230527_164859\\TS03 - Checkout\\20230527_164859\\execution0.log"/>
         <property name="attachments" value=""/>
         <property name="hostName" value="adria - DESKTOP-2B5N6V0"/>
         <property name="os" value="Windows 10 64bit"/>
         <property name="katalonVersion" value="8.6.0.208"/>
         <property name="browser" value="Chrome 113.0.0.0"/>
         <property name="hostAddress" value="192.168.100.2"/>
         <property name="sessionId" value="a821e112c9b48fcd7d3afc1aa9867cea"/>
         <property name="seleniumVersion" value="3.141.59"/>
         <property name="proxyInformation" value="ProxyInformation { proxyOption=NO_PROXY, proxyServerType=HTTP, username=, password=********, proxyServerAddress=, proxyServerPort=0, executionList=&quot;&quot;, isApplyToDesiredCapabilities=true }"/>
         <property name="platform" value="Windows 10"/>
      </properties>
      <testcase name="Test Cases/TS03 - Checkout/TC09 - Checkout without first name" time="9.311" classname="Test Cases/TS03 - Checkout/TC09 - Checkout without first name" status="PASSED">
         <system-out><![CDATA[2023-05-27 16:49:02 - [TEST_CASE][PASSED] - Test Cases/TS03 - Checkout/TC09 - Checkout without first name: Test Cases/TS03 - Checkout/TC09 - Checkout without first name

2023-05-27 16:49:03 - [TEST_STEP][PASSED] - openBrowser(""): Browser is opened with url: ''

2023-05-27 16:49:03 - [MESSAGE][INFO] - Starting 'Chrome' driver

2023-05-27 16:49:03 - [MESSAGE][INFO] - Action delay is set to 0 milliseconds

2023-05-27 16:49:06 - [MESSAGE][PASSED] - Browser is opened with url: ''

2023-05-27 16:49:06 - [TEST_STEP][PASSED] - navigateToUrl("https://www.saucedemo.com/"): Navigate to 'https://www.saucedemo.com/' successfully

2023-05-27 16:49:06 - [MESSAGE][PASSED] - Navigate to 'https://www.saucedemo.com/' successfully

2023-05-27 16:49:06 - [TEST_STEP][PASSED] - setText(findTestObject("Login_element/Username"), "standard_user"): Text 'standard_user' is set on object 'Object Repository/Login_element/Username'

2023-05-27 16:49:07 - [MESSAGE][PASSED] - Text 'standard_user' is set on object 'Object Repository/Login_element/Username'

2023-05-27 16:49:07 - [TEST_STEP][PASSED] - setText(findTestObject("Login_element/Password"), "secret_sauce"): Text 'secret_sauce' is set on object 'Object Repository/Login_element/Password'

2023-05-27 16:49:08 - [MESSAGE][PASSED] - Text 'secret_sauce' is set on object 'Object Repository/Login_element/Password'

2023-05-27 16:49:08 - [TEST_STEP][PASSED] - click(findTestObject("Login_element/Login_Btn")): Object: 'Object Repository/Login_element/Login_Btn' is clicked on

2023-05-27 16:49:08 - [MESSAGE][PASSED] - Object: 'Object Repository/Login_element/Login_Btn' is clicked on

2023-05-27 16:49:08 - [TEST_STEP][PASSED] - click(findTestObject("Object Repository/Product_element/button_Add to cart")): Object: 'Object Repository/Product_element/button_Add to cart' is clicked on

2023-05-27 16:49:09 - [MESSAGE][PASSED] - Object: 'Object Repository/Product_element/button_Add to cart' is clicked on

2023-05-27 16:49:09 - [TEST_STEP][PASSED] - click(findTestObject("Object Repository/Product_element/a_2")): Object: 'Object Repository/Product_element/a_2' is clicked on

2023-05-27 16:49:09 - [MESSAGE][PASSED] - Object: 'Object Repository/Product_element/a_2' is clicked on

2023-05-27 16:49:09 - [TEST_STEP][PASSED] - click(findTestObject("Checkout_element/button_Checkout")): Object: 'Object Repository/Checkout_element/button_Checkout' is clicked on

2023-05-27 16:49:10 - [MESSAGE][PASSED] - Object: 'Object Repository/Checkout_element/button_Checkout' is clicked on

2023-05-27 16:49:10 - [TEST_STEP][PASSED] - click(findTestObject("Checkout_element/button_continue1")): Object: 'Object Repository/Checkout_element/button_continue1' is clicked on

2023-05-27 16:49:10 - [MESSAGE][PASSED] - Object: 'Object Repository/Checkout_element/button_continue1' is clicked on

2023-05-27 16:49:10 - [TEST_STEP][PASSED] - verifyTextPresent("Error: First Name is required", false): Text 'Error: First Name is required' is present on page 

2023-05-27 16:49:11 - [MESSAGE][PASSED] - Text 'Error: First Name is required' is present on page 

2023-05-27 16:49:11 - [TEST_STEP][PASSED] - closeBrowser(): Browser is closed

2023-05-27 16:49:12 - [MESSAGE][PASSED] - Browser is closed]]></system-out>
         <system-err><![CDATA[]]></system-err>
      </testcase>
      <testcase name="Test Cases/TS03 - Checkout/TC10 - Checkout without last name" time="9.048" classname="Test Cases/TS03 - Checkout/TC10 - Checkout without last name" status="PASSED">
         <system-out><![CDATA[2023-05-27 16:49:12 - [TEST_CASE][PASSED] - Test Cases/TS03 - Checkout/TC10 - Checkout without last name: Test Cases/TS03 - Checkout/TC10 - Checkout without last name

2023-05-27 16:49:12 - [TEST_STEP][PASSED] - openBrowser(""): Browser is opened with url: ''

2023-05-27 16:49:12 - [MESSAGE][INFO] - Starting 'Chrome' driver

2023-05-27 16:49:12 - [MESSAGE][INFO] - Action delay is set to 0 milliseconds

2023-05-27 16:49:13 - [MESSAGE][PASSED] - Browser is opened with url: ''

2023-05-27 16:49:13 - [TEST_STEP][PASSED] - navigateToUrl("https://www.saucedemo.com/"): Navigate to 'https://www.saucedemo.com/' successfully

2023-05-27 16:49:14 - [MESSAGE][PASSED] - Navigate to 'https://www.saucedemo.com/' successfully

2023-05-27 16:49:14 - [TEST_STEP][PASSED] - setText(findTestObject("Login_element/Username"), "standard_user"): Text 'standard_user' is set on object 'Object Repository/Login_element/Username'

2023-05-27 16:49:15 - [MESSAGE][PASSED] - Text 'standard_user' is set on object 'Object Repository/Login_element/Username'

2023-05-27 16:49:15 - [TEST_STEP][PASSED] - setText(findTestObject("Login_element/Password"), "secret_sauce"): Text 'secret_sauce' is set on object 'Object Repository/Login_element/Password'

2023-05-27 16:49:15 - [MESSAGE][PASSED] - Text 'secret_sauce' is set on object 'Object Repository/Login_element/Password'

2023-05-27 16:49:15 - [TEST_STEP][PASSED] - click(findTestObject("Login_element/Login_Btn")): Object: 'Object Repository/Login_element/Login_Btn' is clicked on

2023-05-27 16:49:16 - [MESSAGE][PASSED] - Object: 'Object Repository/Login_element/Login_Btn' is clicked on

2023-05-27 16:49:16 - [TEST_STEP][PASSED] - click(findTestObject("Object Repository/Product_element/button_Add to cart")): Object: 'Object Repository/Product_element/button_Add to cart' is clicked on

2023-05-27 16:49:16 - [MESSAGE][PASSED] - Object: 'Object Repository/Product_element/button_Add to cart' is clicked on

2023-05-27 16:49:16 - [TEST_STEP][PASSED] - click(findTestObject("Object Repository/Product_element/a_2")): Object: 'Object Repository/Product_element/a_2' is clicked on

2023-05-27 16:49:17 - [MESSAGE][PASSED] - Object: 'Object Repository/Product_element/a_2' is clicked on

2023-05-27 16:49:17 - [TEST_STEP][PASSED] - click(findTestObject("Checkout_element/button_Checkout")): Object: 'Object Repository/Checkout_element/button_Checkout' is clicked on

2023-05-27 16:49:17 - [MESSAGE][PASSED] - Object: 'Object Repository/Checkout_element/button_Checkout' is clicked on

2023-05-27 16:49:17 - [TEST_STEP][PASSED] - setText(findTestObject("Checkout_element/input_Checkout Your Information_firstName"), findTestData("Profile").getValue(1, 1)): Text 'Adrian' is set on object 'Object Repository/Checkout_element/input_Checkout Your Information_firstName'

2023-05-27 16:49:19 - [MESSAGE][PASSED] - Text 'Adrian' is set on object 'Object Repository/Checkout_element/input_Checkout Your Information_firstName'

2023-05-27 16:49:19 - [TEST_STEP][PASSED] - click(findTestObject("Checkout_element/button_continue1")): Object: 'Object Repository/Checkout_element/button_continue1' is clicked on

2023-05-27 16:49:19 - [MESSAGE][PASSED] - Object: 'Object Repository/Checkout_element/button_continue1' is clicked on

2023-05-27 16:49:19 - [TEST_STEP][PASSED] - verifyTextPresent("Error: Last Name is required", false): Text 'Error: Last Name is required' is present on page 

2023-05-27 16:49:20 - [MESSAGE][PASSED] - Text 'Error: Last Name is required' is present on page 

2023-05-27 16:49:20 - [TEST_STEP][PASSED] - closeBrowser(): Browser is closed

2023-05-27 16:49:21 - [MESSAGE][PASSED] - Browser is closed]]></system-out>
         <system-err><![CDATA[]]></system-err>
      </testcase>
      <testcase name="Test Cases/TS03 - Checkout/TC11 - Checkout without postal code" time="9.434" classname="Test Cases/TS03 - Checkout/TC11 - Checkout without postal code" status="PASSED">
         <system-out><![CDATA[2023-05-27 16:49:21 - [TEST_CASE][PASSED] - Test Cases/TS03 - Checkout/TC11 - Checkout without postal code: Test Cases/TS03 - Checkout/TC11 - Checkout without postal code

2023-05-27 16:49:21 - [TEST_STEP][PASSED] - openBrowser(""): Browser is opened with url: ''

2023-05-27 16:49:21 - [MESSAGE][INFO] - Starting 'Chrome' driver

2023-05-27 16:49:21 - [MESSAGE][INFO] - Action delay is set to 0 milliseconds

2023-05-27 16:49:22 - [MESSAGE][PASSED] - Browser is opened with url: ''

2023-05-27 16:49:22 - [TEST_STEP][PASSED] - navigateToUrl("https://www.saucedemo.com/"): Navigate to 'https://www.saucedemo.com/' successfully

2023-05-27 16:49:23 - [MESSAGE][PASSED] - Navigate to 'https://www.saucedemo.com/' successfully

2023-05-27 16:49:23 - [TEST_STEP][PASSED] - setText(findTestObject("Login_element/Username"), "standard_user"): Text 'standard_user' is set on object 'Object Repository/Login_element/Username'

2023-05-27 16:49:24 - [MESSAGE][PASSED] - Text 'standard_user' is set on object 'Object Repository/Login_element/Username'

2023-05-27 16:49:24 - [TEST_STEP][PASSED] - setText(findTestObject("Login_element/Password"), "secret_sauce"): Text 'secret_sauce' is set on object 'Object Repository/Login_element/Password'

2023-05-27 16:49:24 - [MESSAGE][PASSED] - Text 'secret_sauce' is set on object 'Object Repository/Login_element/Password'

2023-05-27 16:49:24 - [TEST_STEP][PASSED] - click(findTestObject("Login_element/Login_Btn")): Object: 'Object Repository/Login_element/Login_Btn' is clicked on

2023-05-27 16:49:25 - [MESSAGE][PASSED] - Object: 'Object Repository/Login_element/Login_Btn' is clicked on

2023-05-27 16:49:25 - [TEST_STEP][PASSED] - click(findTestObject("Object Repository/Product_element/button_Add to cart")): Object: 'Object Repository/Product_element/button_Add to cart' is clicked on

2023-05-27 16:49:25 - [MESSAGE][PASSED] - Object: 'Object Repository/Product_element/button_Add to cart' is clicked on

2023-05-27 16:49:25 - [TEST_STEP][PASSED] - click(findTestObject("Object Repository/Product_element/a_2")): Object: 'Object Repository/Product_element/a_2' is clicked on

2023-05-27 16:49:26 - [MESSAGE][PASSED] - Object: 'Object Repository/Product_element/a_2' is clicked on

2023-05-27 16:49:26 - [TEST_STEP][PASSED] - click(findTestObject("Checkout_element/button_Checkout")): Object: 'Object Repository/Checkout_element/button_Checkout' is clicked on

2023-05-27 16:49:26 - [MESSAGE][PASSED] - Object: 'Object Repository/Checkout_element/button_Checkout' is clicked on

2023-05-27 16:49:26 - [TEST_STEP][PASSED] - setText(findTestObject("Checkout_element/input_Checkout Your Information_firstName"), findTestData("Profile").getValue(1, 1)): Text 'Adrian' is set on object 'Object Repository/Checkout_element/input_Checkout Your Information_firstName'

2023-05-27 16:49:27 - [MESSAGE][PASSED] - Text 'Adrian' is set on object 'Object Repository/Checkout_element/input_Checkout Your Information_firstName'

2023-05-27 16:49:27 - [TEST_STEP][PASSED] - setText(findTestObject("Checkout_element/input_Checkout Your Information_lastName"), findTestData("Profile").getValue(2, 1)): Text 'Firmansyah' is set on object 'Object Repository/Checkout_element/input_Checkout Your Information_lastName'

2023-05-27 16:49:28 - [MESSAGE][PASSED] - Text 'Firmansyah' is set on object 'Object Repository/Checkout_element/input_Checkout Your Information_lastName'

2023-05-27 16:49:28 - [TEST_STEP][PASSED] - click(findTestObject("Checkout_element/button_continue1")): Object: 'Object Repository/Checkout_element/button_continue1' is clicked on

2023-05-27 16:49:29 - [MESSAGE][PASSED] - Object: 'Object Repository/Checkout_element/button_continue1' is clicked on

2023-05-27 16:49:29 - [TEST_STEP][PASSED] - verifyTextPresent("Error: Postal Code is required", false): Text 'Error: Postal Code is required' is present on page 

2023-05-27 16:49:29 - [MESSAGE][PASSED] - Text 'Error: Postal Code is required' is present on page 

2023-05-27 16:49:29 - [TEST_STEP][PASSED] - closeBrowser(): Browser is closed

2023-05-27 16:49:30 - [MESSAGE][PASSED] - Browser is closed]]></system-out>
         <system-err><![CDATA[]]></system-err>
      </testcase>
      <testcase name="Test Cases/TS03 - Checkout/TC12 - Sucessfully Checkout" time="10.624" classname="Test Cases/TS03 - Checkout/TC12 - Sucessfully Checkout" status="PASSED">
         <system-out><![CDATA[2023-05-27 16:49:30 - [TEST_CASE][PASSED] - Test Cases/TS03 - Checkout/TC12 - Sucessfully Checkout: Test Cases/TS03 - Checkout/TC12 - Sucessfully Checkout

2023-05-27 16:49:30 - [TEST_STEP][PASSED] - openBrowser(""): Browser is opened with url: ''

2023-05-27 16:49:30 - [MESSAGE][INFO] - Starting 'Chrome' driver

2023-05-27 16:49:30 - [MESSAGE][INFO] - Action delay is set to 0 milliseconds

2023-05-27 16:49:32 - [MESSAGE][PASSED] - Browser is opened with url: ''

2023-05-27 16:49:32 - [TEST_STEP][PASSED] - navigateToUrl("https://www.saucedemo.com/"): Navigate to 'https://www.saucedemo.com/' successfully

2023-05-27 16:49:32 - [MESSAGE][PASSED] - Navigate to 'https://www.saucedemo.com/' successfully

2023-05-27 16:49:32 - [TEST_STEP][PASSED] - setText(findTestObject("Login_element/Username"), "standard_user"): Text 'standard_user' is set on object 'Object Repository/Login_element/Username'

2023-05-27 16:49:33 - [MESSAGE][PASSED] - Text 'standard_user' is set on object 'Object Repository/Login_element/Username'

2023-05-27 16:49:33 - [TEST_STEP][PASSED] - setText(findTestObject("Login_element/Password"), "secret_sauce"): Text 'secret_sauce' is set on object 'Object Repository/Login_element/Password'

2023-05-27 16:49:34 - [MESSAGE][PASSED] - Text 'secret_sauce' is set on object 'Object Repository/Login_element/Password'

2023-05-27 16:49:34 - [TEST_STEP][PASSED] - click(findTestObject("Login_element/Login_Btn")): Object: 'Object Repository/Login_element/Login_Btn' is clicked on

2023-05-27 16:49:34 - [MESSAGE][PASSED] - Object: 'Object Repository/Login_element/Login_Btn' is clicked on

2023-05-27 16:49:34 - [TEST_STEP][PASSED] - click(findTestObject("Object Repository/Product_element/button_Add to cart")): Object: 'Object Repository/Product_element/button_Add to cart' is clicked on

2023-05-27 16:49:35 - [MESSAGE][PASSED] - Object: 'Object Repository/Product_element/button_Add to cart' is clicked on

2023-05-27 16:49:35 - [TEST_STEP][PASSED] - click(findTestObject("Object Repository/Product_element/a_2")): Object: 'Object Repository/Product_element/a_2' is clicked on

2023-05-27 16:49:35 - [MESSAGE][PASSED] - Object: 'Object Repository/Product_element/a_2' is clicked on

2023-05-27 16:49:35 - [TEST_STEP][PASSED] - click(findTestObject("Checkout_element/button_Checkout")): Object: 'Object Repository/Checkout_element/button_Checkout' is clicked on

2023-05-27 16:49:36 - [MESSAGE][PASSED] - Object: 'Object Repository/Checkout_element/button_Checkout' is clicked on

2023-05-27 16:49:36 - [TEST_STEP][PASSED] - setText(findTestObject("Checkout_element/input_Checkout Your Information_firstName"), findTestData("Profile").getValue(1, 1)): Text 'Adrian' is set on object 'Object Repository/Checkout_element/input_Checkout Your Information_firstName'

2023-05-27 16:49:37 - [MESSAGE][PASSED] - Text 'Adrian' is set on object 'Object Repository/Checkout_element/input_Checkout Your Information_firstName'

2023-05-27 16:49:37 - [TEST_STEP][PASSED] - setText(findTestObject("Checkout_element/input_Checkout Your Information_lastName"), findTestData("Profile").getValue(2, 1)): Text 'Firmansyah' is set on object 'Object Repository/Checkout_element/input_Checkout Your Information_lastName'

2023-05-27 16:49:38 - [MESSAGE][PASSED] - Text 'Firmansyah' is set on object 'Object Repository/Checkout_element/input_Checkout Your Information_lastName'

2023-05-27 16:49:38 - [TEST_STEP][PASSED] - setText(findTestObject("Checkout_element/input_Checkout Your Information_postalCode"), findTestData("Profile").getValue(3, 1)): Text '1234' is set on object 'Object Repository/Checkout_element/input_Checkout Your Information_postalCode'

2023-05-27 16:49:38 - [MESSAGE][PASSED] - Text '1234' is set on object 'Object Repository/Checkout_element/input_Checkout Your Information_postalCode'

2023-05-27 16:49:38 - [TEST_STEP][PASSED] - click(findTestObject("Checkout_element/button_continue1")): Object: 'Object Repository/Checkout_element/button_continue1' is clicked on

2023-05-27 16:49:39 - [MESSAGE][PASSED] - Object: 'Object Repository/Checkout_element/button_continue1' is clicked on

2023-05-27 16:49:39 - [TEST_STEP][PASSED] - click(findTestObject("Checkout_element/button_Finish")): Object: 'Object Repository/Checkout_element/button_Finish' is clicked on

2023-05-27 16:49:40 - [MESSAGE][PASSED] - Object: 'Object Repository/Checkout_element/button_Finish' is clicked on

2023-05-27 16:49:40 - [TEST_STEP][PASSED] - verifyTextPresent("Thank you for your order!", false): Text 'Thank you for your order!' is present on page 

2023-05-27 16:49:40 - [MESSAGE][PASSED] - Text 'Thank you for your order!' is present on page 

2023-05-27 16:49:40 - [TEST_STEP][PASSED] - closeBrowser(): Browser is closed

2023-05-27 16:49:41 - [MESSAGE][PASSED] - Browser is closed]]></system-out>
         <system-err><![CDATA[]]></system-err>
      </testcase>
      <system-out><![CDATA[2023-05-27 16:49:02 - [TEST_SUITE][PASSED] - TS03 - Checkout: Test Cases/TS03 - Checkout/TC12 - Sucessfully Checkout]]></system-out>
      <system-err><![CDATA[]]></system-err>
   </testsuite>
</testsuites>
