<?xml version="1.0" encoding="UTF-8"?>
<testsuites name="TS01 - Login" time="35.273" tests="6" failures="0" errors="0">
   <testsuite name="TS01 - Login" tests="6" failures="0" errors="0" time="35.273" skipped="0" timestamp="2023-05-27 16:56:50" hostname="adria - DESKTOP-2B5N6V0" id="Test Suites/TS01 - Login">
      <properties>
         <property name="deviceName" value=""/>
         <property name="devicePlatform" value=""/>
         <property name="logFolder" value="D:\\Coding.ID\\Advanced Class\\Task\\Katalon_Data_Driven_Testing\\Reports\\20230527_165647\\TS01 - Login\\20230527_165647"/>
         <property name="logFiles" value="D:\\Coding.ID\\Advanced Class\\Task\\Katalon_Data_Driven_Testing\\Reports\\20230527_165647\\TS01 - Login\\20230527_165647\\execution0.log"/>
         <property name="attachments" value=""/>
         <property name="hostName" value="adria - DESKTOP-2B5N6V0"/>
         <property name="os" value="Windows 10 64bit"/>
         <property name="katalonVersion" value="8.6.0.208"/>
         <property name="browser" value="Chrome 113.0.0.0"/>
         <property name="hostAddress" value="192.168.100.2"/>
         <property name="sessionId" value="6578c429aed478321e1a06dc2fc0d3ae"/>
         <property name="seleniumVersion" value="3.141.59"/>
         <property name="proxyInformation" value="ProxyInformation { proxyOption=NO_PROXY, proxyServerType=HTTP, username=, password=********, proxyServerAddress=, proxyServerPort=0, executionList=&quot;&quot;, isApplyToDesiredCapabilities=true }"/>
         <property name="platform" value="Windows 10"/>
      </properties>
      <testcase name="Test Cases/TS01 - Login/Positive TC/TC01 - Login sucessfully" time="7.821" classname="Test Cases/TS01 - Login/Positive TC/TC01 - Login sucessfully" status="PASSED">
         <system-out><![CDATA[2023-05-27 16:56:50 - [TEST_CASE][PASSED] - Test Cases/TS01 - Login/Positive TC/TC01 - Login sucessfully: Test Cases/TS01 - Login/Positive TC/TC01 - Login sucessfully

2023-05-27 16:56:51 - [TEST_STEP][PASSED] - openBrowser(""): Browser is opened with url: ''

2023-05-27 16:56:51 - [MESSAGE][INFO] - Starting 'Chrome' driver

2023-05-27 16:56:51 - [MESSAGE][INFO] - Action delay is set to 0 milliseconds

2023-05-27 16:56:54 - [MESSAGE][PASSED] - Browser is opened with url: ''

2023-05-27 16:56:54 - [TEST_STEP][PASSED] - navigateToUrl("https://www.saucedemo.com/"): Navigate to 'https://www.saucedemo.com/' successfully

2023-05-27 16:56:54 - [MESSAGE][PASSED] - Navigate to 'https://www.saucedemo.com/' successfully

2023-05-27 16:56:54 - [TEST_STEP][PASSED] - setText(findTestObject("Login_element/Username"), Username): Text 'standard_user' is set on object 'Object Repository/Login_element/Username'

2023-05-27 16:56:55 - [MESSAGE][PASSED] - Text 'standard_user' is set on object 'Object Repository/Login_element/Username'

2023-05-27 16:56:55 - [TEST_STEP][PASSED] - setText(findTestObject("Login_element/Password"), Password): Text 'secret_sauce' is set on object 'Object Repository/Login_element/Password'

2023-05-27 16:56:56 - [MESSAGE][PASSED] - Text 'secret_sauce' is set on object 'Object Repository/Login_element/Password'

2023-05-27 16:56:56 - [TEST_STEP][PASSED] - click(findTestObject("Login_element/Login_Btn")): Object: 'Object Repository/Login_element/Login_Btn' is clicked on

2023-05-27 16:56:57 - [MESSAGE][PASSED] - Object: 'Object Repository/Login_element/Login_Btn' is clicked on

2023-05-27 16:56:57 - [TEST_STEP][PASSED] - verifyElementPresent(findTestObject("Product_element/header_product"), 3): Object 'Object Repository/Product_element/header_product' is present

2023-05-27 16:56:57 - [MESSAGE][PASSED] - Object 'Object Repository/Product_element/header_product' is present

2023-05-27 16:56:57 - [TEST_STEP][PASSED] - closeBrowser(): Browser is closed

2023-05-27 16:56:58 - [MESSAGE][PASSED] - Browser is closed]]></system-out>
         <system-err><![CDATA[]]></system-err>
      </testcase>
      <testcase name="Test Cases/TS01 - Login/Negative TC/TC02 - Login without username" time="3.823" classname="Test Cases/TS01 - Login/Negative TC/TC02 - Login without username" status="PASSED">
         <system-out><![CDATA[2023-05-27 16:56:58 - [TEST_CASE][PASSED] - Test Cases/TS01 - Login/Negative TC/TC02 - Login without username: Test Cases/TS01 - Login/Negative TC/TC02 - Login without username

2023-05-27 16:56:59 - [TEST_STEP][PASSED] - openBrowser(""): Browser is opened with url: ''

2023-05-27 16:56:59 - [MESSAGE][INFO] - Starting 'Chrome' driver

2023-05-27 16:56:59 - [MESSAGE][INFO] - Action delay is set to 0 milliseconds

2023-05-27 16:57:00 - [MESSAGE][PASSED] - Browser is opened with url: ''

2023-05-27 16:57:00 - [TEST_STEP][PASSED] - navigateToUrl("https://www.saucedemo.com/"): Navigate to 'https://www.saucedemo.com/' successfully

2023-05-27 16:57:00 - [MESSAGE][PASSED] - Navigate to 'https://www.saucedemo.com/' successfully

2023-05-27 16:57:00 - [TEST_STEP][PASSED] - click(findTestObject("Login_element/Login_Btn")): Object: 'Object Repository/Login_element/Login_Btn' is clicked on

2023-05-27 16:57:01 - [MESSAGE][PASSED] - Object: 'Object Repository/Login_element/Login_Btn' is clicked on

2023-05-27 16:57:01 - [TEST_STEP][PASSED] - verifyTextPresent("Epic sadface: Username is required", false): Text 'Epic sadface: Username is required' is present on page 

2023-05-27 16:57:01 - [MESSAGE][PASSED] - Text 'Epic sadface: Username is required' is present on page 

2023-05-27 16:57:01 - [TEST_STEP][PASSED] - closeBrowser(): Browser is closed

2023-05-27 16:57:02 - [MESSAGE][PASSED] - Browser is closed]]></system-out>
         <system-err><![CDATA[]]></system-err>
      </testcase>
      <testcase name="Test Cases/TS01 - Login/Negative TC/TC03 - Login without password" time="4.651" classname="Test Cases/TS01 - Login/Negative TC/TC03 - Login without password" status="PASSED">
         <system-out><![CDATA[2023-05-27 16:57:02 - [TEST_CASE][PASSED] - Test Cases/TS01 - Login/Negative TC/TC03 - Login without password: Test Cases/TS01 - Login/Negative TC/TC03 - Login without password

2023-05-27 16:57:02 - [TEST_STEP][PASSED] - openBrowser(""): Browser is opened with url: ''

2023-05-27 16:57:02 - [MESSAGE][INFO] - Starting 'Chrome' driver

2023-05-27 16:57:02 - [MESSAGE][INFO] - Action delay is set to 0 milliseconds

2023-05-27 16:57:04 - [MESSAGE][PASSED] - Browser is opened with url: ''

2023-05-27 16:57:04 - [TEST_STEP][PASSED] - navigateToUrl("https://www.saucedemo.com/"): Navigate to 'https://www.saucedemo.com/' successfully

2023-05-27 16:57:04 - [MESSAGE][PASSED] - Navigate to 'https://www.saucedemo.com/' successfully

2023-05-27 16:57:04 - [TEST_STEP][PASSED] - setText(findTestObject("Login_element/Username"), "standard_user"): Text 'standard_user' is set on object 'Object Repository/Login_element/Username'

2023-05-27 16:57:05 - [MESSAGE][PASSED] - Text 'standard_user' is set on object 'Object Repository/Login_element/Username'

2023-05-27 16:57:05 - [TEST_STEP][PASSED] - click(findTestObject("Login_element/Login_Btn")): Object: 'Object Repository/Login_element/Login_Btn' is clicked on

2023-05-27 16:57:06 - [MESSAGE][PASSED] - Object: 'Object Repository/Login_element/Login_Btn' is clicked on

2023-05-27 16:57:06 - [TEST_STEP][PASSED] - verifyTextPresent("Epic sadface: Password is required", false): Text 'Epic sadface: Password is required' is present on page 

2023-05-27 16:57:06 - [MESSAGE][PASSED] - Text 'Epic sadface: Password is required' is present on page 

2023-05-27 16:57:06 - [TEST_STEP][PASSED] - closeBrowser(): Browser is closed

2023-05-27 16:57:07 - [MESSAGE][PASSED] - Browser is closed]]></system-out>
         <system-err><![CDATA[]]></system-err>
      </testcase>
      <testcase name="Test Cases/TS01 - Login/Negative TC/TC04 - Login with unmatched username and password" time="5.848" classname="Test Cases/TS01 - Login/Negative TC/TC04 - Login with unmatched username and password" status="PASSED">
         <system-out><![CDATA[2023-05-27 16:57:07 - [TEST_CASE][PASSED] - Test Cases/TS01 - Login/Negative TC/TC04 - Login with unmatched username and password: Test Cases/TS01 - Login/Negative TC/TC04 - Login with unmatched username and password

2023-05-27 16:57:07 - [TEST_STEP][PASSED] - openBrowser(""): Browser is opened with url: ''

2023-05-27 16:57:07 - [MESSAGE][INFO] - Starting 'Chrome' driver

2023-05-27 16:57:07 - [MESSAGE][INFO] - Action delay is set to 0 milliseconds

2023-05-27 16:57:08 - [MESSAGE][PASSED] - Browser is opened with url: ''

2023-05-27 16:57:08 - [TEST_STEP][PASSED] - navigateToUrl("https://www.saucedemo.com/"): Navigate to 'https://www.saucedemo.com/' successfully

2023-05-27 16:57:09 - [MESSAGE][PASSED] - Navigate to 'https://www.saucedemo.com/' successfully

2023-05-27 16:57:09 - [TEST_STEP][PASSED] - setText(findTestObject("Login_element/Username"), "wrong_user"): Text 'wrong_user' is set on object 'Object Repository/Login_element/Username'

2023-05-27 16:57:10 - [MESSAGE][PASSED] - Text 'wrong_user' is set on object 'Object Repository/Login_element/Username'

2023-05-27 16:57:10 - [TEST_STEP][PASSED] - setText(findTestObject("Login_element/Password"), Password): Text 'secret_sauce' is set on object 'Object Repository/Login_element/Password'

2023-05-27 16:57:11 - [MESSAGE][PASSED] - Text 'secret_sauce' is set on object 'Object Repository/Login_element/Password'

2023-05-27 16:57:11 - [TEST_STEP][PASSED] - click(findTestObject("Login_element/Login_Btn")): Object: 'Object Repository/Login_element/Login_Btn' is clicked on

2023-05-27 16:57:11 - [MESSAGE][PASSED] - Object: 'Object Repository/Login_element/Login_Btn' is clicked on

2023-05-27 16:57:11 - [TEST_STEP][PASSED] - verifyTextPresent("Epic sadface: Username and password do not match any user in this service", false): Text 'Epic sadface: Username and password do not match any user in this service' is present on page 

2023-05-27 16:57:11 - [MESSAGE][PASSED] - Text 'Epic sadface: Username and password do not match any user in this service' is present on page 

2023-05-27 16:57:11 - [TEST_STEP][PASSED] - closeBrowser(): Browser is closed

2023-05-27 16:57:13 - [MESSAGE][PASSED] - Browser is closed]]></system-out>
         <system-err><![CDATA[]]></system-err>
      </testcase>
      <testcase name="Test Cases/TS01 - Login/Negative TC/TC05 - Login with locked out account" time="5.474" classname="Test Cases/TS01 - Login/Negative TC/TC05 - Login with locked out account" status="PASSED">
         <system-out><![CDATA[2023-05-27 16:57:13 - [TEST_CASE][PASSED] - Test Cases/TS01 - Login/Negative TC/TC05 - Login with locked out account: Test Cases/TS01 - Login/Negative TC/TC05 - Login with locked out account

2023-05-27 16:57:13 - [TEST_STEP][PASSED] - openBrowser(""): Browser is opened with url: ''

2023-05-27 16:57:13 - [MESSAGE][INFO] - Starting 'Chrome' driver

2023-05-27 16:57:13 - [MESSAGE][INFO] - Action delay is set to 0 milliseconds

2023-05-27 16:57:14 - [MESSAGE][PASSED] - Browser is opened with url: ''

2023-05-27 16:57:14 - [TEST_STEP][PASSED] - navigateToUrl("https://www.saucedemo.com/"): Navigate to 'https://www.saucedemo.com/' successfully

2023-05-27 16:57:15 - [MESSAGE][PASSED] - Navigate to 'https://www.saucedemo.com/' successfully

2023-05-27 16:57:15 - [TEST_STEP][PASSED] - setText(findTestObject("Login_element/Username"), "locked_out_user"): Text 'locked_out_user' is set on object 'Object Repository/Login_element/Username'

2023-05-27 16:57:16 - [MESSAGE][PASSED] - Text 'locked_out_user' is set on object 'Object Repository/Login_element/Username'

2023-05-27 16:57:16 - [TEST_STEP][PASSED] - setText(findTestObject("Login_element/Password"), Password): Text 'secret_sauce' is set on object 'Object Repository/Login_element/Password'

2023-05-27 16:57:16 - [MESSAGE][PASSED] - Text 'secret_sauce' is set on object 'Object Repository/Login_element/Password'

2023-05-27 16:57:16 - [TEST_STEP][PASSED] - click(findTestObject("Login_element/Login_Btn")): Object: 'Object Repository/Login_element/Login_Btn' is clicked on

2023-05-27 16:57:17 - [MESSAGE][PASSED] - Object: 'Object Repository/Login_element/Login_Btn' is clicked on

2023-05-27 16:57:17 - [TEST_STEP][PASSED] - verifyTextPresent("Epic sadface: Sorry, this user has been locked out.", false): Text 'Epic sadface: Sorry, this user has been locked out.' is present on page 

2023-05-27 16:57:17 - [MESSAGE][PASSED] - Text 'Epic sadface: Sorry, this user has been locked out.' is present on page 

2023-05-27 16:57:17 - [TEST_STEP][PASSED] - closeBrowser(): Browser is closed

2023-05-27 16:57:18 - [MESSAGE][PASSED] - Browser is closed]]></system-out>
         <system-err><![CDATA[]]></system-err>
      </testcase>
      <testcase name="Test Cases/TS01 - Login/Positive TC/TC06 - Logout" time="7.068" classname="Test Cases/TS01 - Login/Positive TC/TC06 - Logout" status="PASSED">
         <system-out><![CDATA[2023-05-27 16:57:18 - [TEST_CASE][PASSED] - Test Cases/TS01 - Login/Positive TC/TC06 - Logout: Test Cases/TS01 - Login/Positive TC/TC06 - Logout

2023-05-27 16:57:19 - [TEST_STEP][PASSED] - openBrowser(""): Browser is opened with url: ''

2023-05-27 16:57:19 - [MESSAGE][INFO] - Starting 'Chrome' driver

2023-05-27 16:57:19 - [MESSAGE][INFO] - Action delay is set to 0 milliseconds

2023-05-27 16:57:20 - [MESSAGE][PASSED] - Browser is opened with url: ''

2023-05-27 16:57:20 - [TEST_STEP][PASSED] - navigateToUrl("https://www.saucedemo.com/"): Navigate to 'https://www.saucedemo.com/' successfully

2023-05-27 16:57:20 - [MESSAGE][PASSED] - Navigate to 'https://www.saucedemo.com/' successfully

2023-05-27 16:57:20 - [TEST_STEP][PASSED] - setText(findTestObject("Login_element/Username"), "standard_user"): Text 'standard_user' is set on object 'Object Repository/Login_element/Username'

2023-05-27 16:57:21 - [MESSAGE][PASSED] - Text 'standard_user' is set on object 'Object Repository/Login_element/Username'

2023-05-27 16:57:21 - [TEST_STEP][PASSED] - setEncryptedText(findTestObject("Login_element/Password"), "qcu24s4901FyWDTwXGr6XA=="): Text ****** has been set on object 'Object Repository/Login_element/Password'

2023-05-27 16:57:22 - [MESSAGE][PASSED] - Text ****** has been set on object 'Object Repository/Login_element/Password'

2023-05-27 16:57:22 - [TEST_STEP][PASSED] - click(findTestObject("Login_element/Login_Btn")): Object: 'Object Repository/Login_element/Login_Btn' is clicked on

2023-05-27 16:57:22 - [MESSAGE][PASSED] - Object: 'Object Repository/Login_element/Login_Btn' is clicked on

2023-05-27 16:57:22 - [TEST_STEP][PASSED] - click(findTestObject("Product_element/button_Open Menu")): Object: 'Object Repository/Product_element/button_Open Menu' is clicked on

2023-05-27 16:57:23 - [MESSAGE][PASSED] - Object: 'Object Repository/Product_element/button_Open Menu' is clicked on

2023-05-27 16:57:23 - [TEST_STEP][PASSED] - click(findTestObject("Product_element/a_Logout")): Object: 'Object Repository/Product_element/a_Logout' is clicked on

2023-05-27 16:57:23 - [MESSAGE][PASSED] - Object: 'Object Repository/Product_element/a_Logout' is clicked on

2023-05-27 16:57:23 - [TEST_STEP][PASSED] - verifyElementPresent(findTestObject("Login_element/Labs_login_wrapper-inner"), 3): Object 'Object Repository/Login_element/Labs_login_wrapper-inner' is present

2023-05-27 16:57:24 - [MESSAGE][PASSED] - Object 'Object Repository/Login_element/Labs_login_wrapper-inner' is present

2023-05-27 16:57:24 - [TEST_STEP][PASSED] - closeBrowser(): Browser is closed

2023-05-27 16:57:25 - [MESSAGE][PASSED] - Browser is closed]]></system-out>
         <system-err><![CDATA[]]></system-err>
      </testcase>
      <system-out><![CDATA[2023-05-27 16:56:50 - [TEST_SUITE][PASSED] - TS01 - Login: Test Cases/TS01 - Login/Positive TC/TC06 - Logout]]></system-out>
      <system-err><![CDATA[]]></system-err>
   </testsuite>
</testsuites>
